<?xml version="1.0" encoding="UTF-8"?>
<!-- Generated by org.testng.reporters.JUnitXMLReporter -->
<testsuite hostname="DESKTOP-88N3CN4" ignored="0" name="供需平台测试测试用例" tests="3" failures="1" timestamp="11 九月 2019 07:22:44 GMT" time="2.078" errors="0">
  <testcase name="loginCase" time="1.06" classname="com.course.bvtcase.Login"/>
  <testcase name="addProduct" time="0.589" classname="com.course.bvtcase.AddProduct"/>
  <testcase name="updateProduct" time="0.33" classname="com.course.bvtcase.UpdateProduct">
    <failure type="java.lang.ClassCastException" message="java.lang.Integer cannot be cast to java.lang.String">
      <![CDATA[java.lang.ClassCastException: java.lang.Integer cannot be cast to java.lang.String
	at com.course.bvtcase.UpdateProduct.updateProduct(UpdateProduct.java:78)
	at java.util.concurrent.FutureTask.run(FutureTask.java:266)
	at java.util.concurrent.ThreadPoolExecutor.runWorker(ThreadPoolExecutor.java:1142)
	at java.util.concurrent.ThreadPoolExecutor$Worker.run(ThreadPoolExecutor.java:617)
	at java.lang.Thread.run(Thread.java:748)
... Removed 16 stack frames]]>
    </failure>
  </testcase> <!-- updateProduct -->
</testsuite> <!-- 供需平台测试测试用例 -->
