<?xml version="1.0" encoding="UTF-8" ?>
<testsuite tests="3" failures="1" name="TestSuite" time="3.249" errors="0" skipped="0">
  <properties>
[...]
</properties>
  <testcase classname="com.course.bvtcase.Login" name="loginCase" time="1.06"/>
  <testcase classname="com.course.bvtcase.AddProduct" name="addProduct" time="0.589"/>
  <testcase classname="com.course.bvtcase.UpdateProduct" name="updateProduct" time="0.333">
    <failure message="java.lang.Integer cannot be cast to java.lang.String" type="java.lang.ClassCastException">java.lang.ClassCastException: java.lang.Integer cannot be cast to java.lang.String
	at com.course.bvtcase.UpdateProduct.updateProduct(UpdateProduct.java:78)
</failure>
    <system-out>{&quot;introduce&quot;:&quot;1&quot;,&quot;quotaRangeEnd&quot;:&quot;11&quot;,&quot;applyRequirement&quot;:&quot;1&quot;,&quot;requirementMaterial&quot;:&quot;1&quot;,&quot;acceptanceTimeEnd&quot;:&quot;3&quot;,&quot;guaranteeMeansIds&quot;:&quot;5&quot;,&quot;areaIds&quot;:[&quot;1&quot;],&quot;saleStatus&quot;:&quot;0&quot;,&quot;acceptanceTimeStart&quot;:&quot;1&quot;,&quot;provinceId&quot;:&quot;330000&quot;,&quot;characteristic&quot;:&quot;1&quot;,&quot;repaymentMeansIds&quot;:&quot;9&quot;,&quot;applyRequirementIds&quot;:[],&quot;labelIds&quot;:&quot;&quot;,&quot;termRangeStart&quot;:&quot;1&quot;,&quot;createTime&quot;:&quot;2019-09-11 12,25,45&quot;,&quot;annualInterestRangeEnd&quot;:&quot;3&quot;,&quot;termRangeEnd&quot;:&quot;3&quot;,&quot;loanUseIds&quot;:&quot;1,4&quot;,&quot;name&quot;:&quot;试测&quot;,&quot;fullProvince&quot;:false,&quot;id&quot;:&quot;1171640986992906242&quot;,&quot;annualInterestRangeStart&quot;:&quot;1&quot;,&quot;enterpriseAccessRequirementList&quot;:[&quot;code&quot;,&quot;11&quot;]}
{&quot;introduce&quot;:&quot;1&quot;,&quot;quotaRangeEnd&quot;:&quot;11&quot;,&quot;applyRequirement&quot;:&quot;1&quot;,&quot;requirementMaterial&quot;:&quot;1&quot;,&quot;acceptanceTimeEnd&quot;:&quot;3&quot;,&quot;guaranteeMeansIds&quot;:&quot;5&quot;,&quot;areaIds&quot;:[&quot;1&quot;],&quot;saleStatus&quot;:&quot;0&quot;,&quot;acceptanceTimeStart&quot;:&quot;1&quot;,&quot;provinceId&quot;:&quot;330000&quot;,&quot;characteristic&quot;:&quot;1&quot;,&quot;repaymentMeansIds&quot;:&quot;9&quot;,&quot;applyRequirementIds&quot;:[],&quot;labelIds&quot;:&quot;&quot;,&quot;termRangeStart&quot;:&quot;1&quot;,&quot;createTime&quot;:&quot;2019-09-11 12,25,45&quot;,&quot;annualInterestRangeEnd&quot;:&quot;3&quot;,&quot;termRangeEnd&quot;:&quot;3&quot;,&quot;loanUseIds&quot;:&quot;1,4&quot;,&quot;name&quot;:&quot;试测&quot;,&quot;fullProvince&quot;:false,&quot;id&quot;:&quot;1171640986992906242&quot;,&quot;annualInterestRangeStart&quot;:&quot;1&quot;,&quot;enterpriseAccessRequirementList&quot;:[&quot;code&quot;,&quot;11&quot;]}
15:22:44.617 [TestNG] DEBUG org.apache.http.impl.conn.BasicClientConnectionManager - Get connection for route {}-&gt;http://10.56.4.87
15:22:44.617 [TestNG] DEBUG org.apache.http.impl.client.DefaultHttpClient - Stale connection check
15:22:44.619 [TestNG] DEBUG org.apache.http.client.protocol.RequestAddCookies - CookieSpec selected: best-match
15:22:44.619 [TestNG] DEBUG org.apache.http.client.protocol.RequestAddCookies - Cookie [version: 0][name: JSESSIONID][value: 5ad748cb-c2c3-416c-8388-c45251b77fea][domain: 10.56.4.87][path: /][expiry: null] match [10.56.4.87:80/test/api/loan/product/bank/update]
15:22:44.619 [TestNG] DEBUG org.apache.http.client.protocol.RequestAuthCache - Auth cache not set in the context
15:22:44.619 [TestNG] DEBUG org.apache.http.client.protocol.RequestTargetAuthentication - Target auth state: UNCHALLENGED
15:22:44.619 [TestNG] DEBUG org.apache.http.client.protocol.RequestProxyAuthentication - Proxy auth state: UNCHALLENGED
15:22:44.619 [TestNG] DEBUG org.apache.http.impl.client.DefaultHttpClient - Attempt 1 to execute request
15:22:44.619 [TestNG] DEBUG org.apache.http.impl.conn.DefaultClientConnection - Sending request: PUT /test/api/loan/product/bank/update HTTP/1.1
15:22:44.619 [TestNG] DEBUG org.apache.http.wire - &gt;&gt; &quot;PUT /test/api/loan/product/bank/update HTTP/1.1[\r][\n]&quot;
15:22:44.619 [TestNG] DEBUG org.apache.http.wire - &gt;&gt; &quot;content-type: application/json[\r][\n]&quot;
15:22:44.619 [TestNG] DEBUG org.apache.http.wire - &gt;&gt; &quot;Content-Length: 566[\r][\n]&quot;
15:22:44.620 [TestNG] DEBUG org.apache.http.wire - &gt;&gt; &quot;Host: 10.56.4.87[\r][\n]&quot;
15:22:44.620 [TestNG] DEBUG org.apache.http.wire - &gt;&gt; &quot;Connection: Keep-Alive[\r][\n]&quot;
15:22:44.620 [TestNG] DEBUG org.apache.http.wire - &gt;&gt; &quot;User-Agent: Apache-HttpClient/4.2.2 (java 1.5)[\r][\n]&quot;
15:22:44.620 [TestNG] DEBUG org.apache.http.wire - &gt;&gt; &quot;Cookie: JSESSIONID=5ad748cb-c2c3-416c-8388-c45251b77fea[\r][\n]&quot;
15:22:44.620 [TestNG] DEBUG org.apache.http.wire - &gt;&gt; &quot;Cookie2: $Version=1[\r][\n]&quot;
15:22:44.620 [TestNG] DEBUG org.apache.http.wire - &gt;&gt; &quot;[\r][\n]&quot;
15:22:44.620 [TestNG] DEBUG org.apache.http.headers - &gt;&gt; PUT /test/api/loan/product/bank/update HTTP/1.1
15:22:44.620 [TestNG] DEBUG org.apache.http.headers - &gt;&gt; content-type: application/json
15:22:44.620 [TestNG] DEBUG org.apache.http.headers - &gt;&gt; Content-Length: 566
15:22:44.620 [TestNG] DEBUG org.apache.http.headers - &gt;&gt; Host: 10.56.4.87
15:22:44.620 [TestNG] DEBUG org.apache.http.headers - &gt;&gt; Connection: Keep-Alive
15:22:44.620 [TestNG] DEBUG org.apache.http.headers - &gt;&gt; User-Agent: Apache-HttpClient/4.2.2 (java 1.5)
15:22:44.620 [TestNG] DEBUG org.apache.http.headers - &gt;&gt; Cookie: JSESSIONID=5ad748cb-c2c3-416c-8388-c45251b77fea
15:22:44.620 [TestNG] DEBUG org.apache.http.headers - &gt;&gt; Cookie2: $Version=1
15:22:44.621 [TestNG] DEBUG org.apache.http.wire - &gt;&gt; &quot;{&quot;introduce&quot;:&quot;1&quot;,&quot;quotaRangeEnd&quot;:&quot;11&quot;,&quot;applyRequirement&quot;:&quot;1&quot;,&quot;requirementMaterial&quot;:&quot;1&quot;,&quot;acceptanceTimeEnd&quot;:&quot;3&quot;,&quot;guaranteeMeansIds&quot;:&quot;5&quot;,&quot;areaIds&quot;:[&quot;1&quot;],&quot;saleStatus&quot;:&quot;0&quot;,&quot;acceptanceTimeStart&quot;:&quot;1&quot;,&quot;provinceId&quot;:&quot;330000&quot;,&quot;characteristic&quot;:&quot;1&quot;,&quot;repaymentMeansIds&quot;:&quot;9&quot;,&quot;applyRequirementIds&quot;:[],&quot;labelIds&quot;:&quot;&quot;,&quot;termRangeStart&quot;:&quot;1&quot;,&quot;createTime&quot;:&quot;2019-09-11 12,25,45&quot;,&quot;annualInterestRangeEnd&quot;:&quot;3&quot;,&quot;termRangeEnd&quot;:&quot;3&quot;,&quot;loanUseIds&quot;:&quot;1,4&quot;,&quot;name&quot;:&quot;[0xe8][0xaf][0x95][0xe6][0xb5][0x8b]&quot;,&quot;fullProvince&quot;:false,&quot;id&quot;:&quot;1171640986992906242&quot;,&quot;annualInterestRangeStart&quot;:&quot;1&quot;,&quot;enterpriseAccessRequirementList&quot;:[&quot;code&quot;,&quot;11&quot;]}&quot;
15:22:44.936 [TestNG] DEBUG org.apache.http.wire - &lt;&lt; &quot;HTTP/1.1 500 [\r][\n]&quot;
15:22:44.936 [TestNG] DEBUG org.apache.http.wire - &lt;&lt; &quot;Server: Tengine[\r][\n]&quot;
15:22:44.936 [TestNG] DEBUG org.apache.http.wire - &lt;&lt; &quot;Date: Wed, 11 Sep 2019 07:22:53 GMT[\r][\n]&quot;
15:22:44.936 [TestNG] DEBUG org.apache.http.wire - &lt;&lt; &quot;Content-Type: application/json;charset=UTF-8[\r][\n]&quot;
15:22:44.936 [TestNG] DEBUG org.apache.http.wire - &lt;&lt; &quot;Transfer-Encoding: chunked[\r][\n]&quot;
15:22:44.936 [TestNG] DEBUG org.apache.http.wire - &lt;&lt; &quot;Connection: keep-alive[\r][\n]&quot;
15:22:44.936 [TestNG] DEBUG org.apache.http.wire - &lt;&lt; &quot;Keep-Alive: timeout=60[\r][\n]&quot;
15:22:44.936 [TestNG] DEBUG org.apache.http.wire - &lt;&lt; &quot;Access-Control-Allow-Origin: *[\r][\n]&quot;
15:22:44.936 [TestNG] DEBUG org.apache.http.wire - &lt;&lt; &quot;Access-Control-Allow-Methods: POST, GET, OPTIONS, DELETE[\r][\n]&quot;
15:22:44.936 [TestNG] DEBUG org.apache.http.wire - &lt;&lt; &quot;Access-Control-Max-Age: 3600[\r][\n]&quot;
15:22:44.936 [TestNG] DEBUG org.apache.http.wire - &lt;&lt; &quot;Access-Control-Allow-Headers: x-requested-with,x-auth-token[\r][\n]&quot;
15:22:44.936 [TestNG] DEBUG org.apache.http.wire - &lt;&lt; &quot;[\r][\n]&quot;
15:22:44.936 [TestNG] DEBUG org.apache.http.impl.conn.DefaultClientConnection - Receiving response: HTTP/1.1 500 
15:22:44.936 [TestNG] DEBUG org.apache.http.headers - &lt;&lt; HTTP/1.1 500 
15:22:44.936 [TestNG] DEBUG org.apache.http.headers - &lt;&lt; Server: Tengine
15:22:44.936 [TestNG] DEBUG org.apache.http.headers - &lt;&lt; Date: Wed, 11 Sep 2019 07:22:53 GMT
15:22:44.936 [TestNG] DEBUG org.apache.http.headers - &lt;&lt; Content-Type: application/json;charset=UTF-8
15:22:44.936 [TestNG] DEBUG org.apache.http.headers - &lt;&lt; Transfer-Encoding: chunked
15:22:44.936 [TestNG] DEBUG org.apache.http.headers - &lt;&lt; Connection: keep-alive
15:22:44.936 [TestNG] DEBUG org.apache.http.headers - &lt;&lt; Keep-Alive: timeout=60
15:22:44.937 [TestNG] DEBUG org.apache.http.headers - &lt;&lt; Access-Control-Allow-Origin: *
15:22:44.937 [TestNG] DEBUG org.apache.http.headers - &lt;&lt; Access-Control-Allow-Methods: POST, GET, OPTIONS, DELETE
15:22:44.937 [TestNG] DEBUG org.apache.http.headers - &lt;&lt; Access-Control-Max-Age: 3600
15:22:44.937 [TestNG] DEBUG org.apache.http.headers - &lt;&lt; Access-Control-Allow-Headers: x-requested-with,x-auth-token
15:22:44.937 [TestNG] DEBUG org.apache.http.impl.client.DefaultHttpClient - Connection can be kept alive for 60000 MILLISECONDS
15:22:44.937 [TestNG] DEBUG org.apache.http.wire - &lt;&lt; &quot;3d[\r][\n]&quot;
15:22:44.937 [TestNG] DEBUG org.apache.http.wire - &lt;&lt; &quot;{&quot;code&quot;:1,&quot;msg&quot;:&quot;[0xe7][0xb3][0xbb][0xe7][0xbb][0x9f][0xe7][0xb9][0x81][0xe5][0xbf][0x99][0xef][0xbc][0x8c][0xe8][0xaf][0xb7][0xe7][0xa8][0x8d][0xe5][0x90][0x8e][0xe5][0x86][0x8d][0xe8][0xaf][0x95]&quot;,&quot;data&quot;:null}&quot;
15:22:44.937 [TestNG] DEBUG org.apache.http.wire - &lt;&lt; &quot;[\r][\n]&quot;
15:22:44.937 [TestNG] DEBUG org.apache.http.wire - &lt;&lt; &quot;0[\r][\n]&quot;
15:22:44.937 [TestNG] DEBUG org.apache.http.wire - &lt;&lt; &quot;[\r][\n]&quot;
15:22:44.937 [TestNG] DEBUG org.apache.http.impl.conn.BasicClientConnectionManager - Releasing connection org.apache.http.impl.conn.ManagedClientConnectionImpl@781ca46c
15:22:44.937 [TestNG] DEBUG org.apache.http.impl.conn.BasicClientConnectionManager - Connection can be kept alive for 60000 MILLISECONDS
</system-out>
  </testcase>
</testsuite>